Mono path[0] = 'D:/UnityProjs/AdvTools/ml-agents/build/MLMaze_Data/Managed'
Mono config path = 'D:/UnityProjs/AdvTools/ml-agents/build/MonoBleedingEdge/etc'
Input System module state changed to: Initialized.
[Physics::Module] Initialized fallback backend.
[Physics::Module] Id: 0xdecafbad
Initialize engine version: 6000.0.38f1 (82314a941f2d)
[Subsystems] Discovering subsystems at path D:/UnityProjs/AdvTools/ml-agents/build/MLMaze_Data/UnitySubsystems
kGfxThreadingModeSplitJobs is not supported on Direct3D 11. Reverting to kGfxThreadingModeClientWorkerJobs instead.
GfxDevice: creating device client; kGfxThreadingModeClientWorkerJobs
Direct3D:
    Version:  Direct3D 11.0 [level 11.1]
    Renderer: NVIDIA GeForce RTX 2060 (ID=0x1f11)
    Vendor:   NVIDIA
    VRAM:     5955 MB
    Driver:   32.0.15.7283
Begin MonoManager ReloadAssembly
- Loaded All Assemblies, in  0.156 seconds
- Finished resetting the current domain, in  0.003 seconds
[Physics::Module] Selected backend.
[Physics::Module] Name: PhysX
[Physics::Module] Id: 0xf2b8ea05
[Physics::Module] SDK Version: 4.1.2
[Physics::Module] Integration Version: 1.0.0
[Physics::Module] Threading Mode: Multi-Threaded
<RI> Initializing input.
Using Windows.Gaming.Input
<RI> Input initialized.
<RI> Initialized touch support.
UnloadTime: 1.101700 ms
Registered Communicator in Agent.
RenderGraph is now enabled.
Maze reached
Maze reached
Maze reached
Maze reached
Maze reached
Maze reached
Maze reached
Maze reached
Maze reached
Maze reached
Maze reached
Maze reached
Maze reached
Maze reached
Maze reached
Maze reached
Maze reached
Maze reached
Maze reached
Maze reached
Maze reached
Maze reached
Maze reached
Maze reached
Maze reached
Maze reached
Maze reached
Maze reached
Maze reached
Maze reached
Maze reached
Maze reached
Maze reached
Maze reached
Maze reached
Maze reached
Maze reached
Maze reached
Maze reached
Maze reached
Maze reached
[Physics::Module] Cleanup current backned.
[Physics::Module] Id: 0xf2b8ea05
Input System module state changed to: ShutdownInProgress.
Input System polling thread exited.
Input System module state changed to: Shutdown.
